<?xml version="1.0" encoding="UTF-8"?>
<testng-results skipped="0" failed="0" ignored="0" total="2" passed="2">
  <reporter-output>
  </reporter-output>
  <suite name="Suite" duration-ms="30459" started-at="2021-07-10T14:03:28 IST" finished-at="2021-07-10T14:03:58 IST">
    <groups>
    </groups>
    <test name="Test" duration-ms="30459" started-at="2021-07-10T14:03:28 IST" finished-at="2021-07-10T14:03:58 IST">
      <class name="com.inetBanking.testCases.TC_LoginPageTest">
        <test-method status="PASS" signature="setUp(java.lang.String)[pri:0, instance:com.inetBanking.testCases.TC_LoginPageTest@6737fd8f]" name="setUp" is-config="true" duration-ms="6490" started-at="2021-07-10T14:03:28 IST" finished-at="2021-07-10T14:03:35 IST">
          <params>
            <param index="0">
              <value>
                <![CDATA[chrome]]>
              </value>
            </param>
          </params>
          <reporter-output>
          </reporter-output>
        </test-method> <!-- setUp -->
        <test-method status="PASS" signature="doLogin()[pri:0, instance:com.inetBanking.testCases.TC_LoginPageTest@6737fd8f]" name="doLogin" duration-ms="1433" started-at="2021-07-10T14:03:35 IST" finished-at="2021-07-10T14:03:36 IST">
          <reporter-output>
          </reporter-output>
        </test-method> <!-- doLogin -->
        <test-method status="PASS" signature="tearDown()[pri:0, instance:com.inetBanking.testCases.TC_LoginPageTest@6737fd8f]" name="tearDown" is-config="true" duration-ms="806" started-at="2021-07-10T14:03:36 IST" finished-at="2021-07-10T14:03:37 IST">
          <reporter-output>
          </reporter-output>
        </test-method> <!-- tearDown -->
      </class> <!-- com.inetBanking.testCases.TC_LoginPageTest -->
      <class name="com.inetBanking.testCases.NewCustomerPageTest">
        <test-method status="PASS" signature="setUp(java.lang.String)[pri:0, instance:com.inetBanking.testCases.NewCustomerPageTest@74650e52]" name="setUp" is-config="true" duration-ms="6333" started-at="2021-07-10T14:03:37 IST" finished-at="2021-07-10T14:03:43 IST">
          <params>
            <param index="0">
              <value>
                <![CDATA[chrome]]>
              </value>
            </param>
          </params>
          <reporter-output>
          </reporter-output>
        </test-method> <!-- setUp -->
        <test-method status="PASS" signature="addNewCustomer()[pri:0, instance:com.inetBanking.testCases.NewCustomerPageTest@74650e52]" name="addNewCustomer" duration-ms="14236" started-at="2021-07-10T14:03:43 IST" finished-at="2021-07-10T14:03:57 IST">
          <reporter-output>
          </reporter-output>
        </test-method> <!-- addNewCustomer -->
        <test-method status="PASS" signature="tearDown()[pri:0, instance:com.inetBanking.testCases.NewCustomerPageTest@74650e52]" name="tearDown" is-config="true" duration-ms="714" started-at="2021-07-10T14:03:57 IST" finished-at="2021-07-10T14:03:58 IST">
          <reporter-output>
          </reporter-output>
        </test-method> <!-- tearDown -->
      </class> <!-- com.inetBanking.testCases.NewCustomerPageTest -->
    </test> <!-- Test -->
  </suite> <!-- Suite -->
</testng-results>
