<?xml version="1.0" encoding="UTF-8"?>
<testng-results ignored="0" total="1" passed="1" failed="0" skipped="0">
  <reporter-output>
  </reporter-output>
  <suite started-at="2021-07-09T19:01:47 IST" name="Default suite" finished-at="2021-07-09T19:02:08 IST" duration-ms="20537">
    <groups>
    </groups>
    <test started-at="2021-07-09T19:01:47 IST" name="Default test" finished-at="2021-07-09T19:02:08 IST" duration-ms="20537">
      <class name="com.inetBanking.testCases.NewCustomerPageTest">
        <test-method is-config="true" signature="setUp(java.lang.String)[pri:0, instance:com.inetBanking.testCases.NewCustomerPageTest@82de64a]" started-at="2021-07-09T19:01:47 IST" name="setUp" finished-at="2021-07-09T19:01:53 IST" duration-ms="5606" status="PASS">
          <params>
            <param index="0">
              <value>
                <![CDATA[chrome]]>
              </value>
            </param>
          </params>
          <reporter-output>
          </reporter-output>
        </test-method> <!-- setUp -->
        <test-method signature="addNewCustomer()[pri:0, instance:com.inetBanking.testCases.NewCustomerPageTest@82de64a]" started-at="2021-07-09T19:01:53 IST" name="addNewCustomer" finished-at="2021-07-09T19:02:07 IST" duration-ms="14055" status="PASS">
          <reporter-output>
          </reporter-output>
        </test-method> <!-- addNewCustomer -->
        <test-method is-config="true" signature="tearDown()[pri:0, instance:com.inetBanking.testCases.NewCustomerPageTest@82de64a]" started-at="2021-07-09T19:02:07 IST" name="tearDown" finished-at="2021-07-09T19:02:08 IST" duration-ms="819" status="PASS">
          <reporter-output>
          </reporter-output>
        </test-method> <!-- tearDown -->
      </class> <!-- com.inetBanking.testCases.NewCustomerPageTest -->
    </test> <!-- Default test -->
  </suite> <!-- Default suite -->
</testng-results>
